PopUpQuotes/app/build/intermediates/manifest_merge_blame_file/debug/manifest-merger-blame-debug-report.txt
1<?xml version="1.0" encoding="utf-8"?>
2<manifest xmlns:android="http://schemas.android.com/apk/res/android"
3    package="com.example.popupquotes"
4    android:versionCode="1"
5    android:versionName="1.0" >
6
7    <uses-sdk
8        android:minSdkVersion="30"
8-->src\main\AndroidManifest.xml
9        android:targetSdkVersion="30" />
9-->src\main\AndroidManifest.xml
10
11    <uses-permission android:name="android.permission.SET_ALARM" />
11-->src\main\AndroidManifest.xml:5:5-67
11-->src\main\AndroidManifest.xml:5:22-65
12
13    <!-- <uses-permission android:name="android.permission.INTERNET"/> -->
14    <application
14-->src\main\AndroidManifest.xml:8:5-24:19
15        android:allowBackup="true"
15-->src\main\AndroidManifest.xml:9:9-35
16        android:appComponentFactory="androidx.core.app.CoreComponentFactory"
16-->[androidx.core:core:1.3.1] AndroidManifest.xml:24:18-86
17        android:debuggable="true"
18        android:extractNativeLibs="false"
19        android:icon="@mipmap/ic_launcher"
19-->src\main\AndroidManifest.xml:10:9-43
20        android:label="@string/app_name"
20-->src\main\AndroidManifest.xml:11:9-41
21        android:roundIcon="@mipmap/ic_launcher_round"
21-->src\main\AndroidManifest.xml:12:9-54
22        android:supportsRtl="true"
22-->src\main\AndroidManifest.xml:13:9-35
23        android:testOnly="true"
24        android:theme="@style/Theme.PopUpQuotes" >
24-->src\main\AndroidManifest.xml:14:9-49
25        <activity android:name="com.example.popupquotes.MainActivity" >
25-->src\main\AndroidManifest.xml:15:9-21:20
25-->src\main\AndroidManifest.xml:15:19-47
26            <intent-filter>
26-->src\main\AndroidManifest.xml:16:13-20:29
27                <action android:name="android.intent.action.MAIN" />
27-->src\main\AndroidManifest.xml:17:17-69
27-->src\main\AndroidManifest.xml:17:25-66
28
29                <category android:name="android.intent.category.LAUNCHER" />
29-->src\main\AndroidManifest.xml:19:17-77
29-->src\main\AndroidManifest.xml:19:27-74
30            </intent-filter>
31        </activity>
32        <activity android:name="com.example.popupquotes.RepeatingActivity" />
32-->src\main\AndroidManifest.xml:22:9-54
32-->src\main\AndroidManifest.xml:22:19-52
33
34        <receiver android:name="com.example.popupquotes.NotificationReciever" />
34-->src\main\AndroidManifest.xml:23:9-57
34-->src\main\AndroidManifest.xml:23:19-55
35    </application>
36
37</manifest>